warning: /data/data/com.termux.nix/files/home/pick-up-nix/source/github/meta-introspector/submodules/lattice_code_generator/Cargo.toml: the cargo feature `edition2024` has been stabilized in the 1.85 release and is no longer necessary to be listed in the manifest
  See https://doc.rust-lang.org/nightly/cargo/reference/manifest.html#the-edition-field for more information about using this feature.
warning: /data/data/com.termux.nix/files/home/pick-up-nix/source/github/meta-introspector/submodules/lattice_structure_generator/Cargo.toml: the cargo feature `edition2024` has been stabilized in the 1.85 release and is no longer necessary to be listed in the manifest
  See https://doc.rust-lang.org/nightly/cargo/reference/manifest.html#the-edition-field for more information about using this feature.
warning: /data/data/com.termux.nix/files/home/pick-up-nix/source/github/meta-introspector/submodules/tools/crq-parser/Cargo.toml: the cargo feature `edition2024` has been stabilized in the 1.85 release and is no longer necessary to be listed in the manifest
  See https://doc.rust-lang.org/nightly/cargo/reference/manifest.html#the-edition-field for more information about using this feature.
warning: /data/data/com.termux.nix/files/home/pick-up-nix/source/github/meta-introspector/submodules/lattice_generator_app/Cargo.toml: the cargo feature `edition2024` has been stabilized in the 1.85 release and is no longer necessary to be listed in the manifest
  See https://doc.rust-lang.org/nightly/cargo/reference/manifest.html#the-edition-field for more information about using this feature.
   Compiling stable_deref_trait v1.2.0
   Compiling smallvec v1.15.1
   Compiling percent-encoding v2.3.2
   Compiling serde_json v1.0.143
   Compiling yoke v0.8.0
   Compiling form_urlencoded v1.2.2
   Compiling zerovec v0.11.4
   Compiling zerotrie v0.2.2
   Compiling tinystr v0.8.1
   Compiling potential_utf v0.1.3
   Compiling icu_collections v2.0.0
   Compiling icu_locale_core v2.0.0
   Compiling icu_provider v2.0.0
   Compiling icu_properties v2.0.1
   Compiling icu_normalizer v2.0.0
   Compiling idna_adapter v1.2.1
   Compiling idna v1.1.0
   Compiling url v2.5.7
   Compiling hash_extractor_rust v0.1.0 (/data/data/com.termux.nix/files/home/pick-up-nix/source/github/meta-introspector/submodules/hash_extractor_rust)
warning: unused import: `regex::Regex`
 --> hash_extractor_rust/src/domain_reporter.rs:3:5
  |
3 | use regex::Regex;
  |     ^^^^^^^^^^^^
  |
  = note: `#[warn(unused_imports)]` (part of `#[warn(unused)]`) on by default

warning: unused import: `serde_json::json`
 --> hash_extractor_rust/src/domain_reporter.rs:5:5
  |
5 | use serde_json::json;
  |     ^^^^^^^^^^^^^^^^

warning: unused import: `regex::Regex`
 --> hash_extractor_rust/src/file_type_reporter.rs:3:5
  |
3 | use regex::Regex; // Still needed for regex on path segment
  |     ^^^^^^^^^^^^

warning: unused import: `serde_json::json`
 --> hash_extractor_rust/src/file_type_reporter.rs:5:5
  |
5 | use serde_json::json;
  |     ^^^^^^^^^^^^^^^^

warning: `hash_extractor_rust` (bin "hash_extractor_rust") generated 4 warnings (run `cargo fix --bin "hash_extractor_rust"` to apply 4 suggestions)
    Finished `dev` profile [unoptimized + debuginfo] target(s) in 6.21s
     Running `target/debug/hash_extractor_rust`
